CRITICAL - 2022-07-06 22:22:12 --> Call to undefined method CodeIgniter\View\View::extends()
in APPPATH\Views\index.php on line 1.
 1 SYSTEMPATH\View\View.php(213): include()
 2 SYSTEMPATH\View\View.php(216): CodeIgniter\View\View->CodeIgniter\View\{closure}()
 3 SYSTEMPATH\Common.php(1135): CodeIgniter\View\View->render('index', [], true)
 4 APPPATH\Controllers\AkademikController.php(24): view('index', [...])
 5 SYSTEMPATH\CodeIgniter.php(896): App\Controllers\AkademikController->index()
 6 SYSTEMPATH\CodeIgniter.php(466): CodeIgniter\CodeIgniter->runController(Object(App\Controllers\AkademikController))
 7 SYSTEMPATH\CodeIgniter.php(349): CodeIgniter\CodeIgniter->handleRequest(null, Object(Config\Cache), false)
 8 FCPATH\index.php(55): CodeIgniter\CodeIgniter->run()
 9 SYSTEMPATH\Commands\Server\rewrite.php(43): require_once('FCPATH\\index.php')
CRITICAL - 2022-07-06 22:22:40 --> Call to undefined method CodeIgniter\View\View::extends()
in APPPATH\Views\index.php on line 1.
 1 SYSTEMPATH\View\View.php(213): include()
 2 SYSTEMPATH\View\View.php(216): CodeIgniter\View\View->CodeIgniter\View\{closure}()
 3 SYSTEMPATH\Common.php(1135): CodeIgniter\View\View->render('index', [], true)
 4 APPPATH\Controllers\AkademikController.php(24): view('index', [...])
 5 SYSTEMPATH\CodeIgniter.php(896): App\Controllers\AkademikController->index()
 6 SYSTEMPATH\CodeIgniter.php(466): CodeIgniter\CodeIgniter->runController(Object(App\Controllers\AkademikController))
 7 SYSTEMPATH\CodeIgniter.php(349): CodeIgniter\CodeIgniter->handleRequest(null, Object(Config\Cache), false)
 8 FCPATH\index.php(55): CodeIgniter\CodeIgniter->run()
 9 SYSTEMPATH\Commands\Server\rewrite.php(43): require_once('FCPATH\\index.php')
CRITICAL - 2022-07-06 22:22:58 --> Invalid file: modals/editMahasiswaModal.php
in SYSTEMPATH\Exceptions\FrameworkException.php on line 33.
 1 SYSTEMPATH\View\View.php(201): CodeIgniter\Exceptions\FrameworkException::forInvalidFile('modals/editMahasiswaModal.php')
 2 SYSTEMPATH\View\View.php(429): CodeIgniter\View\View->render('modals/editMahasiswaModal', null, true)
 3 APPPATH\Views\index.php(77): CodeIgniter\View\View->include('modals/editMahasiswaModal')
 4 SYSTEMPATH\View\View.php(213): include('APPPATH\\Views\\index.php')
 5 SYSTEMPATH\View\View.php(216): CodeIgniter\View\View->CodeIgniter\View\{closure}()
 6 SYSTEMPATH\Common.php(1135): CodeIgniter\View\View->render('index', [], true)
 7 APPPATH\Controllers\AkademikController.php(24): view('index', [...])
 8 SYSTEMPATH\CodeIgniter.php(896): App\Controllers\AkademikController->index()
 9 SYSTEMPATH\CodeIgniter.php(466): CodeIgniter\CodeIgniter->runController(Object(App\Controllers\AkademikController))
10 SYSTEMPATH\CodeIgniter.php(349): CodeIgniter\CodeIgniter->handleRequest(null, Object(Config\Cache), false)
11 FCPATH\index.php(55): CodeIgniter\CodeIgniter->run()
12 SYSTEMPATH\Commands\Server\rewrite.php(43): require_once('FCPATH\\index.php')
